<?xml version="1.0" encoding="UTF-8"?>
<testng-results skipped="0" failed="0" total="1" passed="1">
  <reporter-output>
  </reporter-output>
  <suite name="Default suite" duration-ms="11847" started-at="2018-06-09T17:23:40Z" finished-at="2018-06-09T17:23:52Z">
    <groups>
    </groups>
    <test name="Default test" duration-ms="11847" started-at="2018-06-09T17:23:40Z" finished-at="2018-06-09T17:23:52Z">
      <class name="frameworkdata.VerifyEmptyCart">
        <test-method status="PASS" signature="driverinitialize()[pri:0, instance:frameworkdata.VerifyEmptyCart@20140db9]" name="driverinitialize" is-config="true" duration-ms="4264" started-at="2018-06-09T22:53:40Z" finished-at="2018-06-09T22:53:44Z">
          <reporter-output>
          </reporter-output>
        </test-method> <!-- driverinitialize -->
        <test-method status="PASS" signature="cartItems()[pri:0, instance:frameworkdata.VerifyEmptyCart@20140db9]" name="cartItems" duration-ms="7171" started-at="2018-06-09T22:53:44Z" finished-at="2018-06-09T22:53:51Z">
          <reporter-output>
          </reporter-output>
        </test-method> <!-- cartItems -->
        <test-method status="PASS" signature="closeBrowser()[pri:0, instance:frameworkdata.VerifyEmptyCart@20140db9]" name="closeBrowser" is-config="true" duration-ms="389" started-at="2018-06-09T22:53:51Z" finished-at="2018-06-09T22:53:52Z">
          <reporter-output>
          </reporter-output>
        </test-method> <!-- closeBrowser -->
      </class> <!-- frameworkdata.VerifyEmptyCart -->
    </test> <!-- Default test -->
  </suite> <!-- Default suite -->
</testng-results>
